{"D:\\Dev\\Mern\\noah\\server\\index.js": {"path":"D:\\Dev\\Mern\\noah\\server\\index.js","statementMap":{"0":{"start":{"line":11,"column":0},"end":{"line":11,"column":16}},"1":{"start":{"line":12,"column":12},"end":{"line":12,"column":21}},"2":{"start":{"line":15,"column":0},"end":{"line":15,"column":16}},"3":{"start":{"line":16,"column":0},"end":{"line":16,"column":24}},"4":{"start":{"line":19,"column":0},"end":{"line":19,"column":34}},"5":{"start":{"line":20,"column":0},"end":{"line":20,"column":40}},"6":{"start":{"line":21,"column":0},"end":{"line":21,"column":36}},"7":{"start":{"line":22,"column":0},"end":{"line":22,"column":33}},"8":{"start":{"line":23,"column":0},"end":{"line":23,"column":44}},"9":{"start":{"line":26,"column":0},"end":{"line":34,"column":1}},"10":{"start":{"line":27,"column":2},"end":{"line":33,"column":7}},"11":{"start":{"line":29,"column":6},"end":{"line":29,"column":40}},"12":{"start":{"line":32,"column":6},"end":{"line":32,"column":23}},"13":{"start":{"line":36,"column":13},"end":{"line":36,"column":37}},"14":{"start":{"line":39,"column":0},"end":{"line":43,"column":1}},"15":{"start":{"line":40,"column":2},"end":{"line":42,"column":5}},"16":{"start":{"line":41,"column":4},"end":{"line":41,"column":58}}},"fnMap":{"0":{"name":"(anonymous_0)","decl":{"start":{"line":28,"column":10},"end":{"line":28,"column":11}},"loc":{"start":{"line":28,"column":16},"end":{"line":30,"column":5}},"line":28},"1":{"name":"(anonymous_1)","decl":{"start":{"line":31,"column":11},"end":{"line":31,"column":12}},"loc":{"start":{"line":31,"column":20},"end":{"line":33,"column":5}},"line":31},"2":{"name":"(anonymous_2)","decl":{"start":{"line":40,"column":19},"end":{"line":40,"column":20}},"loc":{"start":{"line":40,"column":25},"end":{"line":42,"column":3}},"line":40}},"branchMap":{"0":{"loc":{"start":{"line":26,"column":0},"end":{"line":34,"column":1}},"type":"if","locations":[{"start":{"line":26,"column":0},"end":{"line":34,"column":1}},{"start":{},"end":{}}],"line":26},"1":{"loc":{"start":{"line":36,"column":13},"end":{"line":36,"column":37}},"type":"binary-expr","locations":[{"start":{"line":36,"column":13},"end":{"line":36,"column":29}},{"start":{"line":36,"column":33},"end":{"line":36,"column":37}}],"line":36},"2":{"loc":{"start":{"line":39,"column":0},"end":{"line":43,"column":1}},"type":"if","locations":[{"start":{"line":39,"column":0},"end":{"line":43,"column":1}},{"start":{},"end":{}}],"line":39}},"s":{"0":5,"1":5,"2":5,"3":5,"4":5,"5":5,"6":5,"7":5,"8":5,"9":5,"10":0,"11":0,"12":0,"13":5,"14":5,"15":0,"16":0},"f":{"0":0,"1":0,"2":0},"b":{"0":[0,5],"1":[5,0],"2":[0,5]},"_coverageSchema":"1a1c01bbd47fc00a2c39e90264f33305004495a9","hash":"805e8c00464940203e7b3fb655797f9f408ed321"}
,"D:\\Dev\\Mern\\noah\\server\\controllers\\CartController.js": {"path":"D:\\Dev\\Mern\\noah\\server\\controllers\\CartController.js","statementMap":{"0":{"start":{"line":4,"column":23},"end":{"line":123,"column":1}},"1":{"start":{"line":7,"column":4},"end":{"line":18,"column":5}},"2":{"start":{"line":8,"column":17},"end":{"line":9,"column":34}},"3":{"start":{"line":11,"column":6},"end":{"line":13,"column":7}},"4":{"start":{"line":12,"column":8},"end":{"line":12,"column":67}},"5":{"start":{"line":15,"column":6},"end":{"line":15,"column":21}},"6":{"start":{"line":17,"column":6},"end":{"line":17,"column":53}},"7":{"start":{"line":23,"column":4},"end":{"line":61,"column":5}},"8":{"start":{"line":24,"column":51},"end":{"line":24,"column":59}},"9":{"start":{"line":27,"column":22},"end":{"line":27,"column":55}},"10":{"start":{"line":28,"column":6},"end":{"line":30,"column":7}},"11":{"start":{"line":29,"column":8},"end":{"line":29,"column":68}},"12":{"start":{"line":33,"column":22},"end":{"line":34,"column":45}},"13":{"start":{"line":34,"column":8},"end":{"line":34,"column":44}},"14":{"start":{"line":35,"column":6},"end":{"line":37,"column":7}},"15":{"start":{"line":36,"column":8},"end":{"line":36,"column":80}},"16":{"start":{"line":39,"column":17},"end":{"line":39,"column":58}},"17":{"start":{"line":40,"column":6},"end":{"line":42,"column":7}},"18":{"start":{"line":41,"column":8},"end":{"line":41,"column":67}},"19":{"start":{"line":45,"column":24},"end":{"line":49,"column":7}},"20":{"start":{"line":46,"column":8},"end":{"line":48,"column":26}},"21":{"start":{"line":51,"column":6},"end":{"line":55,"column":7}},"22":{"start":{"line":52,"column":8},"end":{"line":52,"column":51}},"23":{"start":{"line":54,"column":8},"end":{"line":54,"column":71}},"24":{"start":{"line":57,"column":6},"end":{"line":57,"column":24}},"25":{"start":{"line":58,"column":6},"end":{"line":58,"column":53}},"26":{"start":{"line":60,"column":6},"end":{"line":60,"column":53}},"27":{"start":{"line":66,"column":4},"end":{"line":85,"column":5}},"28":{"start":{"line":67,"column":35},"end":{"line":67,"column":43}},"29":{"start":{"line":69,"column":19},"end":{"line":69,"column":60}},"30":{"start":{"line":70,"column":6},"end":{"line":72,"column":7}},"31":{"start":{"line":71,"column":8},"end":{"line":71,"column":65}},"32":{"start":{"line":74,"column":19},"end":{"line":74,"column":40}},"33":{"start":{"line":75,"column":6},"end":{"line":77,"column":7}},"34":{"start":{"line":76,"column":8},"end":{"line":76,"column":73}},"35":{"start":{"line":79,"column":6},"end":{"line":79,"column":31}},"36":{"start":{"line":80,"column":6},"end":{"line":80,"column":24}},"37":{"start":{"line":82,"column":6},"end":{"line":82,"column":53}},"38":{"start":{"line":84,"column":6},"end":{"line":84,"column":53}},"39":{"start":{"line":90,"column":4},"end":{"line":104,"column":5}},"40":{"start":{"line":91,"column":19},"end":{"line":91,"column":60}},"41":{"start":{"line":92,"column":6},"end":{"line":94,"column":7}},"42":{"start":{"line":93,"column":8},"end":{"line":93,"column":65}},"43":{"start":{"line":96,"column":6},"end":{"line":98,"column":8}},"44":{"start":{"line":97,"column":8},"end":{"line":97,"column":49}},"45":{"start":{"line":100,"column":6},"end":{"line":100,"column":24}},"46":{"start":{"line":101,"column":6},"end":{"line":101,"column":53}},"47":{"start":{"line":103,"column":6},"end":{"line":103,"column":53}},"48":{"start":{"line":109,"column":4},"end":{"line":121,"column":5}},"49":{"start":{"line":110,"column":19},"end":{"line":110,"column":60}},"50":{"start":{"line":111,"column":6},"end":{"line":113,"column":7}},"51":{"start":{"line":112,"column":8},"end":{"line":112,"column":65}},"52":{"start":{"line":115,"column":6},"end":{"line":115,"column":22}},"53":{"start":{"line":116,"column":6},"end":{"line":116,"column":24}},"54":{"start":{"line":118,"column":6},"end":{"line":118,"column":57}},"55":{"start":{"line":120,"column":6},"end":{"line":120,"column":53}}},"fnMap":{"0":{"name":"(anonymous_0)","decl":{"start":{"line":6,"column":11},"end":{"line":6,"column":12}},"loc":{"start":{"line":6,"column":31},"end":{"line":19,"column":3}},"line":6},"1":{"name":"(anonymous_1)","decl":{"start":{"line":22,"column":11},"end":{"line":22,"column":12}},"loc":{"start":{"line":22,"column":31},"end":{"line":62,"column":3}},"line":22},"2":{"name":"(anonymous_2)","decl":{"start":{"line":33,"column":44},"end":{"line":33,"column":45}},"loc":{"start":{"line":34,"column":8},"end":{"line":34,"column":44}},"line":34},"3":{"name":"(anonymous_3)","decl":{"start":{"line":45,"column":45},"end":{"line":45,"column":46}},"loc":{"start":{"line":46,"column":8},"end":{"line":48,"column":26}},"line":46},"4":{"name":"(anonymous_4)","decl":{"start":{"line":65,"column":14},"end":{"line":65,"column":15}},"loc":{"start":{"line":65,"column":34},"end":{"line":86,"column":3}},"line":65},"5":{"name":"(anonymous_5)","decl":{"start":{"line":89,"column":14},"end":{"line":89,"column":15}},"loc":{"start":{"line":89,"column":34},"end":{"line":105,"column":3}},"line":89},"6":{"name":"(anonymous_6)","decl":{"start":{"line":96,"column":37},"end":{"line":96,"column":38}},"loc":{"start":{"line":97,"column":8},"end":{"line":97,"column":49}},"line":97},"7":{"name":"(anonymous_7)","decl":{"start":{"line":108,"column":13},"end":{"line":108,"column":14}},"loc":{"start":{"line":108,"column":33},"end":{"line":122,"column":3}},"line":108}},"branchMap":{"0":{"loc":{"start":{"line":11,"column":6},"end":{"line":13,"column":7}},"type":"if","locations":[{"start":{"line":11,"column":6},"end":{"line":13,"column":7}},{"start":{},"end":{}}],"line":11},"1":{"loc":{"start":{"line":28,"column":6},"end":{"line":30,"column":7}},"type":"if","locations":[{"start":{"line":28,"column":6},"end":{"line":30,"column":7}},{"start":{},"end":{}}],"line":28},"2":{"loc":{"start":{"line":34,"column":8},"end":{"line":34,"column":44}},"type":"binary-expr","locations":[{"start":{"line":34,"column":8},"end":{"line":34,"column":25}},{"start":{"line":34,"column":29},"end":{"line":34,"column":44}}],"line":34},"3":{"loc":{"start":{"line":35,"column":6},"end":{"line":37,"column":7}},"type":"if","locations":[{"start":{"line":35,"column":6},"end":{"line":37,"column":7}},{"start":{},"end":{}}],"line":35},"4":{"loc":{"start":{"line":35,"column":10},"end":{"line":35,"column":49}},"type":"binary-expr","locations":[{"start":{"line":35,"column":10},"end":{"line":35,"column":18}},{"start":{"line":35,"column":22},"end":{"line":35,"column":49}}],"line":35},"5":{"loc":{"start":{"line":40,"column":6},"end":{"line":42,"column":7}},"type":"if","locations":[{"start":{"line":40,"column":6},"end":{"line":42,"column":7}},{"start":{},"end":{}}],"line":40},"6":{"loc":{"start":{"line":46,"column":8},"end":{"line":48,"column":26}},"type":"binary-expr","locations":[{"start":{"line":46,"column":8},"end":{"line":46,"column":45}},{"start":{"line":47,"column":8},"end":{"line":47,"column":28}},{"start":{"line":48,"column":8},"end":{"line":48,"column":26}}],"line":46},"7":{"loc":{"start":{"line":51,"column":6},"end":{"line":55,"column":7}},"type":"if","locations":[{"start":{"line":51,"column":6},"end":{"line":55,"column":7}},{"start":{"line":53,"column":13},"end":{"line":55,"column":7}}],"line":51},"8":{"loc":{"start":{"line":70,"column":6},"end":{"line":72,"column":7}},"type":"if","locations":[{"start":{"line":70,"column":6},"end":{"line":72,"column":7}},{"start":{},"end":{}}],"line":70},"9":{"loc":{"start":{"line":75,"column":6},"end":{"line":77,"column":7}},"type":"if","locations":[{"start":{"line":75,"column":6},"end":{"line":77,"column":7}},{"start":{},"end":{}}],"line":75},"10":{"loc":{"start":{"line":92,"column":6},"end":{"line":94,"column":7}},"type":"if","locations":[{"start":{"line":92,"column":6},"end":{"line":94,"column":7}},{"start":{},"end":{}}],"line":92},"11":{"loc":{"start":{"line":111,"column":6},"end":{"line":113,"column":7}},"type":"if","locations":[{"start":{"line":111,"column":6},"end":{"line":113,"column":7}},{"start":{},"end":{}}],"line":111}},"s":{"0":5,"1":1,"2":1,"3":1,"4":1,"5":1,"6":0,"7":1,"8":1,"9":1,"10":1,"11":0,"12":1,"13":1,"14":1,"15":0,"16":1,"17":1,"18":1,"19":1,"20":0,"21":1,"22":0,"23":1,"24":1,"25":1,"26":0,"27":0,"28":0,"29":0,"30":0,"31":0,"32":0,"33":0,"34":0,"35":0,"36":0,"37":0,"38":0,"39":0,"40":0,"41":0,"42":0,"43":0,"44":0,"45":0,"46":0,"47":0,"48":0,"49":0,"50":0,"51":0,"52":0,"53":0,"54":0,"55":0},"f":{"0":1,"1":1,"2":1,"3":0,"4":0,"5":0,"6":0,"7":0},"b":{"0":[1,0],"1":[0,1],"2":[1,1],"3":[0,1],"4":[1,1],"5":[1,0],"6":[0,0,0],"7":[0,1],"8":[0,0],"9":[0,0],"10":[0,0],"11":[0,0]},"_coverageSchema":"1a1c01bbd47fc00a2c39e90264f33305004495a9","hash":"80ae6fee47d6a92f8314d07b6aba5989d6e8a9a3"}
,"D:\\Dev\\Mern\\noah\\server\\controllers\\orderController.js": {"path":"D:\\Dev\\Mern\\noah\\server\\controllers\\orderController.js","statementMap":{"0":{"start":{"line":4,"column":24},"end":{"line":83,"column":1}},"1":{"start":{"line":7,"column":4},"end":{"line":20,"column":5}},"2":{"start":{"line":8,"column":6},"end":{"line":8,"column":45}},"3":{"start":{"line":9,"column":20},"end":{"line":12,"column":8}},"4":{"start":{"line":14,"column":6},"end":{"line":14,"column":25}},"5":{"start":{"line":15,"column":29},"end":{"line":15,"column":71}},"6":{"start":{"line":16,"column":6},"end":{"line":16,"column":43}},"7":{"start":{"line":18,"column":6},"end":{"line":18,"column":43}},"8":{"start":{"line":19,"column":6},"end":{"line":19,"column":53}},"9":{"start":{"line":25,"column":4},"end":{"line":32,"column":5}},"10":{"start":{"line":26,"column":21},"end":{"line":28,"column":27}},"11":{"start":{"line":29,"column":6},"end":{"line":29,"column":23}},"12":{"start":{"line":31,"column":6},"end":{"line":31,"column":53}},"13":{"start":{"line":37,"column":4},"end":{"line":54,"column":5}},"14":{"start":{"line":38,"column":20},"end":{"line":40,"column":38}},"15":{"start":{"line":42,"column":6},"end":{"line":44,"column":7}},"16":{"start":{"line":43,"column":8},"end":{"line":43,"column":66}},"17":{"start":{"line":47,"column":6},"end":{"line":49,"column":7}},"18":{"start":{"line":48,"column":8},"end":{"line":48,"column":65}},"19":{"start":{"line":51,"column":6},"end":{"line":51,"column":22}},"20":{"start":{"line":53,"column":6},"end":{"line":53,"column":53}},"21":{"start":{"line":59,"column":4},"end":{"line":81,"column":5}},"22":{"start":{"line":60,"column":25},"end":{"line":60,"column":33}},"23":{"start":{"line":63,"column":30},"end":{"line":63,"column":76}},"24":{"start":{"line":64,"column":6},"end":{"line":66,"column":7}},"25":{"start":{"line":65,"column":8},"end":{"line":65,"column":71}},"26":{"start":{"line":68,"column":20},"end":{"line":72,"column":7}},"27":{"start":{"line":74,"column":6},"end":{"line":76,"column":7}},"28":{"start":{"line":75,"column":8},"end":{"line":75,"column":66}},"29":{"start":{"line":78,"column":6},"end":{"line":78,"column":22}},"30":{"start":{"line":80,"column":6},"end":{"line":80,"column":53}},"31":{"start":{"line":86,"column":27},"end":{"line":99,"column":1}},"32":{"start":{"line":87,"column":2},"end":{"line":98,"column":3}},"33":{"start":{"line":88,"column":4},"end":{"line":88,"column":43}},"34":{"start":{"line":89,"column":18},"end":{"line":92,"column":6}},"35":{"start":{"line":93,"column":4},"end":{"line":93,"column":23}},"36":{"start":{"line":94,"column":4},"end":{"line":94,"column":32}},"37":{"start":{"line":96,"column":4},"end":{"line":96,"column":41}},"38":{"start":{"line":97,"column":4},"end":{"line":97,"column":51}}},"fnMap":{"0":{"name":"(anonymous_0)","decl":{"start":{"line":6,"column":10},"end":{"line":6,"column":11}},"loc":{"start":{"line":6,"column":30},"end":{"line":21,"column":3}},"line":6},"1":{"name":"(anonymous_1)","decl":{"start":{"line":24,"column":17},"end":{"line":24,"column":18}},"loc":{"start":{"line":24,"column":37},"end":{"line":33,"column":3}},"line":24},"2":{"name":"(anonymous_2)","decl":{"start":{"line":36,"column":10},"end":{"line":36,"column":11}},"loc":{"start":{"line":36,"column":30},"end":{"line":55,"column":3}},"line":36},"3":{"name":"(anonymous_3)","decl":{"start":{"line":58,"column":16},"end":{"line":58,"column":17}},"loc":{"start":{"line":58,"column":36},"end":{"line":82,"column":3}},"line":58},"4":{"name":"(anonymous_4)","decl":{"start":{"line":86,"column":27},"end":{"line":86,"column":28}},"loc":{"start":{"line":86,"column":47},"end":{"line":99,"column":1}},"line":86}},"branchMap":{"0":{"loc":{"start":{"line":42,"column":6},"end":{"line":44,"column":7}},"type":"if","locations":[{"start":{"line":42,"column":6},"end":{"line":44,"column":7}},{"start":{},"end":{}}],"line":42},"1":{"loc":{"start":{"line":47,"column":6},"end":{"line":49,"column":7}},"type":"if","locations":[{"start":{"line":47,"column":6},"end":{"line":49,"column":7}},{"start":{},"end":{}}],"line":47},"2":{"loc":{"start":{"line":47,"column":10},"end":{"line":47,"column":84}},"type":"binary-expr","locations":[{"start":{"line":47,"column":10},"end":{"line":47,"column":55}},{"start":{"line":47,"column":59},"end":{"line":47,"column":84}}],"line":47},"3":{"loc":{"start":{"line":64,"column":6},"end":{"line":66,"column":7}},"type":"if","locations":[{"start":{"line":64,"column":6},"end":{"line":66,"column":7}},{"start":{},"end":{}}],"line":64},"4":{"loc":{"start":{"line":74,"column":6},"end":{"line":76,"column":7}},"type":"if","locations":[{"start":{"line":74,"column":6},"end":{"line":76,"column":7}},{"start":{},"end":{}}],"line":74}},"s":{"0":5,"1":0,"2":0,"3":0,"4":0,"5":0,"6":0,"7":0,"8":0,"9":0,"10":0,"11":0,"12":0,"13":0,"14":0,"15":0,"16":0,"17":0,"18":0,"19":0,"20":0,"21":0,"22":0,"23":0,"24":0,"25":0,"26":0,"27":0,"28":0,"29":0,"30":0,"31":5,"32":0,"33":0,"34":0,"35":0,"36":0,"37":0,"38":0},"f":{"0":0,"1":0,"2":0,"3":0,"4":0},"b":{"0":[0,0],"1":[0,0],"2":[0,0],"3":[0,0],"4":[0,0]},"_coverageSchema":"1a1c01bbd47fc00a2c39e90264f33305004495a9","hash":"7631752d0ce4d08d196205212559c40ddd739ffd"}
,"D:\\Dev\\Mern\\noah\\server\\controllers\\productController.js": {"path":"D:\\Dev\\Mern\\noah\\server\\controllers\\productController.js","statementMap":{"0":{"start":{"line":4,"column":26},"end":{"line":90,"column":1}},"1":{"start":{"line":7,"column":4},"end":{"line":25,"column":5}},"2":{"start":{"line":9,"column":65},"end":{"line":9,"column":73}},"3":{"start":{"line":10,"column":6},"end":{"line":14,"column":7}},"4":{"start":{"line":11,"column":8},"end":{"line":13,"column":11}},"5":{"start":{"line":16,"column":22},"end":{"line":19,"column":8}},"6":{"start":{"line":21,"column":31},"end":{"line":21,"column":65}},"7":{"start":{"line":22,"column":6},"end":{"line":22,"column":45}},"8":{"start":{"line":24,"column":6},"end":{"line":24,"column":53}},"9":{"start":{"line":30,"column":4},"end":{"line":37,"column":5}},"10":{"start":{"line":31,"column":23},"end":{"line":33,"column":32}},"11":{"start":{"line":34,"column":6},"end":{"line":34,"column":25}},"12":{"start":{"line":36,"column":6},"end":{"line":36,"column":53}},"13":{"start":{"line":42,"column":4},"end":{"line":58,"column":5}},"14":{"start":{"line":43,"column":22},"end":{"line":51,"column":10}},"15":{"start":{"line":52,"column":6},"end":{"line":54,"column":7}},"16":{"start":{"line":53,"column":8},"end":{"line":53,"column":68}},"17":{"start":{"line":55,"column":6},"end":{"line":55,"column":24}},"18":{"start":{"line":57,"column":6},"end":{"line":57,"column":53}},"19":{"start":{"line":63,"column":4},"end":{"line":75,"column":5}},"20":{"start":{"line":64,"column":22},"end":{"line":68,"column":7}},"21":{"start":{"line":69,"column":6},"end":{"line":71,"column":7}},"22":{"start":{"line":70,"column":8},"end":{"line":70,"column":68}},"23":{"start":{"line":72,"column":6},"end":{"line":72,"column":24}},"24":{"start":{"line":74,"column":6},"end":{"line":74,"column":53}},"25":{"start":{"line":80,"column":4},"end":{"line":88,"column":5}},"26":{"start":{"line":81,"column":22},"end":{"line":81,"column":68}},"27":{"start":{"line":82,"column":6},"end":{"line":84,"column":7}},"28":{"start":{"line":83,"column":8},"end":{"line":83,"column":68}},"29":{"start":{"line":85,"column":6},"end":{"line":85,"column":60}},"30":{"start":{"line":87,"column":6},"end":{"line":87,"column":53}}},"fnMap":{"0":{"name":"(anonymous_0)","decl":{"start":{"line":6,"column":17},"end":{"line":6,"column":18}},"loc":{"start":{"line":6,"column":37},"end":{"line":26,"column":3}},"line":6},"1":{"name":"(anonymous_1)","decl":{"start":{"line":29,"column":15},"end":{"line":29,"column":16}},"loc":{"start":{"line":29,"column":35},"end":{"line":38,"column":3}},"line":29},"2":{"name":"(anonymous_2)","decl":{"start":{"line":41,"column":10},"end":{"line":41,"column":11}},"loc":{"start":{"line":41,"column":30},"end":{"line":59,"column":3}},"line":41},"3":{"name":"(anonymous_3)","decl":{"start":{"line":62,"column":10},"end":{"line":62,"column":11}},"loc":{"start":{"line":62,"column":30},"end":{"line":76,"column":3}},"line":62},"4":{"name":"(anonymous_4)","decl":{"start":{"line":79,"column":10},"end":{"line":79,"column":11}},"loc":{"start":{"line":79,"column":30},"end":{"line":89,"column":3}},"line":79}},"branchMap":{"0":{"loc":{"start":{"line":10,"column":6},"end":{"line":14,"column":7}},"type":"if","locations":[{"start":{"line":10,"column":6},"end":{"line":14,"column":7}},{"start":{},"end":{}}],"line":10},"1":{"loc":{"start":{"line":10,"column":10},"end":{"line":10,"column":69}},"type":"binary-expr","locations":[{"start":{"line":10,"column":10},"end":{"line":10,"column":15}},{"start":{"line":10,"column":19},"end":{"line":10,"column":31}},{"start":{"line":10,"column":35},"end":{"line":10,"column":41}},{"start":{"line":10,"column":45},"end":{"line":10,"column":56}},{"start":{"line":10,"column":60},"end":{"line":10,"column":69}}],"line":10},"2":{"loc":{"start":{"line":52,"column":6},"end":{"line":54,"column":7}},"type":"if","locations":[{"start":{"line":52,"column":6},"end":{"line":54,"column":7}},{"start":{},"end":{}}],"line":52},"3":{"loc":{"start":{"line":69,"column":6},"end":{"line":71,"column":7}},"type":"if","locations":[{"start":{"line":69,"column":6},"end":{"line":71,"column":7}},{"start":{},"end":{}}],"line":69},"4":{"loc":{"start":{"line":82,"column":6},"end":{"line":84,"column":7}},"type":"if","locations":[{"start":{"line":82,"column":6},"end":{"line":84,"column":7}},{"start":{},"end":{}}],"line":82}},"s":{"0":5,"1":1,"2":1,"3":1,"4":0,"5":1,"6":1,"7":1,"8":0,"9":1,"10":1,"11":1,"12":0,"13":0,"14":0,"15":0,"16":0,"17":0,"18":0,"19":0,"20":0,"21":0,"22":0,"23":0,"24":0,"25":0,"26":0,"27":0,"28":0,"29":0,"30":0},"f":{"0":1,"1":1,"2":0,"3":0,"4":0},"b":{"0":[0,1],"1":[1,1,1,1,1],"2":[0,0],"3":[0,0],"4":[0,0]},"_coverageSchema":"1a1c01bbd47fc00a2c39e90264f33305004495a9","hash":"c39863bc774d047143e90fe3c3cac5e3ab9ad2e6"}
,"D:\\Dev\\Mern\\noah\\server\\controllers\\promotionController.js": {"path":"D:\\Dev\\Mern\\noah\\server\\controllers\\promotionController.js","statementMap":{"0":{"start":{"line":3,"column":28},"end":{"line":68,"column":1}},"1":{"start":{"line":6,"column":4},"end":{"line":11,"column":5}},"2":{"start":{"line":7,"column":24},"end":{"line":7,"column":56}},"3":{"start":{"line":8,"column":6},"end":{"line":8,"column":38}},"4":{"start":{"line":10,"column":6},"end":{"line":10,"column":53}},"5":{"start":{"line":16,"column":4},"end":{"line":22,"column":5}},"6":{"start":{"line":17,"column":25},"end":{"line":18,"column":31}},"7":{"start":{"line":19,"column":6},"end":{"line":19,"column":27}},"8":{"start":{"line":21,"column":6},"end":{"line":21,"column":53}},"9":{"start":{"line":27,"column":4},"end":{"line":36,"column":5}},"10":{"start":{"line":28,"column":26},"end":{"line":28,"column":36}},"11":{"start":{"line":29,"column":25},"end":{"line":32,"column":31}},"12":{"start":{"line":33,"column":6},"end":{"line":33,"column":27}},"13":{"start":{"line":35,"column":6},"end":{"line":35,"column":53}},"14":{"start":{"line":41,"column":4},"end":{"line":53,"column":5}},"15":{"start":{"line":42,"column":24},"end":{"line":46,"column":7}},"16":{"start":{"line":47,"column":6},"end":{"line":49,"column":7}},"17":{"start":{"line":48,"column":8},"end":{"line":48,"column":70}},"18":{"start":{"line":50,"column":6},"end":{"line":50,"column":26}},"19":{"start":{"line":52,"column":6},"end":{"line":52,"column":53}},"20":{"start":{"line":58,"column":4},"end":{"line":66,"column":5}},"21":{"start":{"line":59,"column":24},"end":{"line":59,"column":72}},"22":{"start":{"line":60,"column":6},"end":{"line":62,"column":7}},"23":{"start":{"line":61,"column":8},"end":{"line":61,"column":70}},"24":{"start":{"line":63,"column":6},"end":{"line":63,"column":62}},"25":{"start":{"line":65,"column":6},"end":{"line":65,"column":53}}},"fnMap":{"0":{"name":"(anonymous_0)","decl":{"start":{"line":5,"column":10},"end":{"line":5,"column":11}},"loc":{"start":{"line":5,"column":30},"end":{"line":12,"column":3}},"line":5},"1":{"name":"(anonymous_1)","decl":{"start":{"line":15,"column":10},"end":{"line":15,"column":11}},"loc":{"start":{"line":15,"column":30},"end":{"line":23,"column":3}},"line":15},"2":{"name":"(anonymous_2)","decl":{"start":{"line":26,"column":13},"end":{"line":26,"column":14}},"loc":{"start":{"line":26,"column":33},"end":{"line":37,"column":3}},"line":26},"3":{"name":"(anonymous_3)","decl":{"start":{"line":40,"column":10},"end":{"line":40,"column":11}},"loc":{"start":{"line":40,"column":30},"end":{"line":54,"column":3}},"line":40},"4":{"name":"(anonymous_4)","decl":{"start":{"line":57,"column":10},"end":{"line":57,"column":11}},"loc":{"start":{"line":57,"column":30},"end":{"line":67,"column":3}},"line":57}},"branchMap":{"0":{"loc":{"start":{"line":47,"column":6},"end":{"line":49,"column":7}},"type":"if","locations":[{"start":{"line":47,"column":6},"end":{"line":49,"column":7}},{"start":{},"end":{}}],"line":47},"1":{"loc":{"start":{"line":60,"column":6},"end":{"line":62,"column":7}},"type":"if","locations":[{"start":{"line":60,"column":6},"end":{"line":62,"column":7}},{"start":{},"end":{}}],"line":60}},"s":{"0":5,"1":1,"2":1,"3":1,"4":0,"5":0,"6":0,"7":0,"8":0,"9":1,"10":1,"11":1,"12":1,"13":0,"14":0,"15":0,"16":0,"17":0,"18":0,"19":0,"20":0,"21":0,"22":0,"23":0,"24":0,"25":0},"f":{"0":1,"1":0,"2":1,"3":0,"4":0},"b":{"0":[0,0],"1":[0,0]},"_coverageSchema":"1a1c01bbd47fc00a2c39e90264f33305004495a9","hash":"3212cce66958b8fe39b03a01dc0493051127d808"}
,"D:\\Dev\\Mern\\noah\\server\\controllers\\userController.js": {"path":"D:\\Dev\\Mern\\noah\\server\\controllers\\userController.js","statementMap":{"0":{"start":{"line":5,"column":23},"end":{"line":152,"column":1}},"1":{"start":{"line":8,"column":4},"end":{"line":48,"column":5}},"2":{"start":{"line":9,"column":57},"end":{"line":9,"column":65}},"3":{"start":{"line":12,"column":6},"end":{"line":16,"column":7}},"4":{"start":{"line":13,"column":8},"end":{"line":15,"column":11}},"5":{"start":{"line":19,"column":19},"end":{"line":19,"column":43}},"6":{"start":{"line":20,"column":29},"end":{"line":20,"column":62}},"7":{"start":{"line":23,"column":19},"end":{"line":29,"column":8}},"8":{"start":{"line":32,"column":20},"end":{"line":36,"column":7}},"9":{"start":{"line":38,"column":6},"end":{"line":45,"column":9}},"10":{"start":{"line":47,"column":6},"end":{"line":47,"column":53}},"11":{"start":{"line":53,"column":4},"end":{"line":76,"column":5}},"12":{"start":{"line":54,"column":34},"end":{"line":54,"column":42}},"13":{"start":{"line":55,"column":19},"end":{"line":55,"column":48}},"14":{"start":{"line":57,"column":6},"end":{"line":59,"column":7}},"15":{"start":{"line":58,"column":8},"end":{"line":58,"column":65}},"16":{"start":{"line":61,"column":28},"end":{"line":61,"column":73}},"17":{"start":{"line":62,"column":6},"end":{"line":64,"column":7}},"18":{"start":{"line":63,"column":8},"end":{"line":63,"column":67}},"19":{"start":{"line":67,"column":20},"end":{"line":71,"column":7}},"20":{"start":{"line":73,"column":6},"end":{"line":73,"column":86}},"21":{"start":{"line":75,"column":6},"end":{"line":75,"column":53}},"22":{"start":{"line":81,"column":4},"end":{"line":90,"column":5}},"23":{"start":{"line":83,"column":19},"end":{"line":83,"column":71}},"24":{"start":{"line":84,"column":6},"end":{"line":86,"column":7}},"25":{"start":{"line":85,"column":8},"end":{"line":85,"column":65}},"26":{"start":{"line":87,"column":6},"end":{"line":87,"column":33}},"27":{"start":{"line":89,"column":6},"end":{"line":89,"column":53}},"28":{"start":{"line":95,"column":4},"end":{"line":108,"column":5}},"29":{"start":{"line":96,"column":22},"end":{"line":96,"column":30}},"30":{"start":{"line":97,"column":6},"end":{"line":97,"column":30}},"31":{"start":{"line":99,"column":19},"end":{"line":103,"column":27}},"32":{"start":{"line":105,"column":6},"end":{"line":105,"column":21}},"33":{"start":{"line":107,"column":6},"end":{"line":107,"column":53}},"34":{"start":{"line":113,"column":4},"end":{"line":118,"column":5}},"35":{"start":{"line":114,"column":20},"end":{"line":114,"column":59}},"36":{"start":{"line":115,"column":6},"end":{"line":115,"column":22}},"37":{"start":{"line":117,"column":6},"end":{"line":117,"column":53}},"38":{"start":{"line":123,"column":4},"end":{"line":131,"column":5}},"39":{"start":{"line":124,"column":19},"end":{"line":124,"column":62}},"40":{"start":{"line":125,"column":6},"end":{"line":127,"column":7}},"41":{"start":{"line":126,"column":8},"end":{"line":126,"column":65}},"42":{"start":{"line":128,"column":6},"end":{"line":128,"column":57}},"43":{"start":{"line":130,"column":6},"end":{"line":130,"column":53}},"44":{"start":{"line":136,"column":4},"end":{"line":150,"column":5}},"45":{"start":{"line":137,"column":23},"end":{"line":137,"column":31}},"46":{"start":{"line":138,"column":19},"end":{"line":142,"column":27}},"47":{"start":{"line":144,"column":6},"end":{"line":146,"column":7}},"48":{"start":{"line":145,"column":8},"end":{"line":145,"column":65}},"49":{"start":{"line":147,"column":6},"end":{"line":147,"column":21}},"50":{"start":{"line":149,"column":6},"end":{"line":149,"column":53}}},"fnMap":{"0":{"name":"(anonymous_0)","decl":{"start":{"line":7,"column":12},"end":{"line":7,"column":13}},"loc":{"start":{"line":7,"column":32},"end":{"line":49,"column":3}},"line":7},"1":{"name":"(anonymous_1)","decl":{"start":{"line":52,"column":9},"end":{"line":52,"column":10}},"loc":{"start":{"line":52,"column":29},"end":{"line":77,"column":3}},"line":52},"2":{"name":"(anonymous_2)","decl":{"start":{"line":80,"column":14},"end":{"line":80,"column":15}},"loc":{"start":{"line":80,"column":34},"end":{"line":91,"column":3}},"line":80},"3":{"name":"(anonymous_3)","decl":{"start":{"line":94,"column":17},"end":{"line":94,"column":18}},"loc":{"start":{"line":94,"column":37},"end":{"line":109,"column":3}},"line":94},"4":{"name":"(anonymous_4)","decl":{"start":{"line":112,"column":15},"end":{"line":112,"column":16}},"loc":{"start":{"line":112,"column":35},"end":{"line":119,"column":3}},"line":112},"5":{"name":"(anonymous_5)","decl":{"start":{"line":122,"column":14},"end":{"line":122,"column":15}},"loc":{"start":{"line":122,"column":34},"end":{"line":132,"column":3}},"line":122},"6":{"name":"(anonymous_6)","decl":{"start":{"line":135,"column":18},"end":{"line":135,"column":19}},"loc":{"start":{"line":135,"column":38},"end":{"line":151,"column":3}},"line":135}},"branchMap":{"0":{"loc":{"start":{"line":12,"column":6},"end":{"line":16,"column":7}},"type":"if","locations":[{"start":{"line":12,"column":6},"end":{"line":16,"column":7}},{"start":{},"end":{}}],"line":12},"1":{"loc":{"start":{"line":12,"column":10},"end":{"line":12,"column":61}},"type":"binary-expr","locations":[{"start":{"line":12,"column":10},"end":{"line":12,"column":15}},{"start":{"line":12,"column":19},"end":{"line":12,"column":28}},{"start":{"line":12,"column":32},"end":{"line":12,"column":38}},{"start":{"line":12,"column":42},"end":{"line":12,"column":51}},{"start":{"line":12,"column":55},"end":{"line":12,"column":61}}],"line":12},"2":{"loc":{"start":{"line":57,"column":6},"end":{"line":59,"column":7}},"type":"if","locations":[{"start":{"line":57,"column":6},"end":{"line":59,"column":7}},{"start":{},"end":{}}],"line":57},"3":{"loc":{"start":{"line":62,"column":6},"end":{"line":64,"column":7}},"type":"if","locations":[{"start":{"line":62,"column":6},"end":{"line":64,"column":7}},{"start":{},"end":{}}],"line":62},"4":{"loc":{"start":{"line":84,"column":6},"end":{"line":86,"column":7}},"type":"if","locations":[{"start":{"line":84,"column":6},"end":{"line":86,"column":7}},{"start":{},"end":{}}],"line":84},"5":{"loc":{"start":{"line":125,"column":6},"end":{"line":127,"column":7}},"type":"if","locations":[{"start":{"line":125,"column":6},"end":{"line":127,"column":7}},{"start":{},"end":{}}],"line":125},"6":{"loc":{"start":{"line":144,"column":6},"end":{"line":146,"column":7}},"type":"if","locations":[{"start":{"line":144,"column":6},"end":{"line":146,"column":7}},{"start":{},"end":{}}],"line":144}},"s":{"0":5,"1":1,"2":1,"3":1,"4":0,"5":1,"6":1,"7":1,"8":1,"9":1,"10":0,"11":2,"12":2,"13":2,"14":2,"15":0,"16":2,"17":2,"18":1,"19":1,"20":1,"21":0,"22":0,"23":0,"24":0,"25":0,"26":0,"27":0,"28":0,"29":0,"30":0,"31":0,"32":0,"33":0,"34":0,"35":0,"36":0,"37":0,"38":0,"39":0,"40":0,"41":0,"42":0,"43":0,"44":0,"45":0,"46":0,"47":0,"48":0,"49":0,"50":0},"f":{"0":1,"1":2,"2":0,"3":0,"4":0,"5":0,"6":0},"b":{"0":[0,1],"1":[1,1,1,1,1],"2":[0,2],"3":[1,1],"4":[0,0],"5":[0,0],"6":[0,0]},"_coverageSchema":"1a1c01bbd47fc00a2c39e90264f33305004495a9","hash":"a5dd6ac3d308983883e95e5cf3ee9dbc580771d6"}
,"D:\\Dev\\Mern\\noah\\server\\middleware\\admin.js": {"path":"D:\\Dev\\Mern\\noah\\server\\middleware\\admin.js","statementMap":{"0":{"start":{"line":1,"column":14},"end":{"line":6,"column":1}},"1":{"start":{"line":2,"column":2},"end":{"line":4,"column":3}},"2":{"start":{"line":3,"column":4},"end":{"line":3,"column":73}},"3":{"start":{"line":5,"column":2},"end":{"line":5,"column":9}}},"fnMap":{"0":{"name":"(anonymous_0)","decl":{"start":{"line":1,"column":14},"end":{"line":1,"column":15}},"loc":{"start":{"line":1,"column":34},"end":{"line":6,"column":1}},"line":1}},"branchMap":{"0":{"loc":{"start":{"line":2,"column":2},"end":{"line":4,"column":3}},"type":"if","locations":[{"start":{"line":2,"column":2},"end":{"line":4,"column":3}},{"start":{},"end":{}}],"line":2}},"s":{"0":5,"1":3,"2":1,"3":2},"f":{"0":3},"b":{"0":[1,2]},"_coverageSchema":"1a1c01bbd47fc00a2c39e90264f33305004495a9","hash":"26aa1f28928dc928b38128f73171de2e6724f59d"}
,"D:\\Dev\\Mern\\noah\\server\\middleware\\auth.js": {"path":"D:\\Dev\\Mern\\noah\\server\\middleware\\auth.js","statementMap":{"0":{"start":{"line":3,"column":13},"end":{"line":26,"column":1}},"1":{"start":{"line":4,"column":4},"end":{"line":25,"column":5}},"2":{"start":{"line":5,"column":27},"end":{"line":5,"column":54}},"3":{"start":{"line":6,"column":8},"end":{"line":8,"column":9}},"4":{"start":{"line":7,"column":12},"end":{"line":7,"column":83}},"5":{"start":{"line":10,"column":22},"end":{"line":10,"column":55}},"6":{"start":{"line":11,"column":24},"end":{"line":11,"column":65}},"7":{"start":{"line":14,"column":8},"end":{"line":14,"column":47}},"8":{"start":{"line":17,"column":8},"end":{"line":20,"column":10}},"9":{"start":{"line":22,"column":8},"end":{"line":22,"column":15}},"10":{"start":{"line":24,"column":8},"end":{"line":24,"column":63}}},"fnMap":{"0":{"name":"(anonymous_0)","decl":{"start":{"line":3,"column":13},"end":{"line":3,"column":14}},"loc":{"start":{"line":3,"column":39},"end":{"line":26,"column":1}},"line":3}},"branchMap":{"0":{"loc":{"start":{"line":6,"column":8},"end":{"line":8,"column":9}},"type":"if","locations":[{"start":{"line":6,"column":8},"end":{"line":8,"column":9}},{"start":{},"end":{}}],"line":6}},"s":{"0":5,"1":5,"2":5,"3":5,"4":0,"5":5,"6":5,"7":5,"8":5,"9":5,"10":0},"f":{"0":5},"b":{"0":[0,5]},"_coverageSchema":"1a1c01bbd47fc00a2c39e90264f33305004495a9","hash":"8e536748d027cdf2f49fb4818f56d0c10c67ba1e"}
,"D:\\Dev\\Mern\\noah\\server\\models\\Cart.js": {"path":"D:\\Dev\\Mern\\noah\\server\\models\\Cart.js","statementMap":{"0":{"start":{"line":4,"column":23},"end":{"line":7,"column":2}},"1":{"start":{"line":9,"column":19},"end":{"line":13,"column":2}}},"fnMap":{},"branchMap":{},"s":{"0":5,"1":5},"f":{},"b":{},"_coverageSchema":"1a1c01bbd47fc00a2c39e90264f33305004495a9","hash":"0101af60cd9478329e381ab8d937accbd5dc3fa6"}
,"D:\\Dev\\Mern\\noah\\server\\models\\Category.js": {"path":"D:\\Dev\\Mern\\noah\\server\\models\\Category.js","statementMap":{"0":{"start":{"line":3,"column":23},"end":{"line":20,"column":2}}},"fnMap":{},"branchMap":{},"s":{"0":1},"f":{},"b":{},"_coverageSchema":"1a1c01bbd47fc00a2c39e90264f33305004495a9","hash":"c7732d0ba0315267e42d30e84dae2e1df9516dc2"}
,"D:\\Dev\\Mern\\noah\\server\\models\\Order.js": {"path":"D:\\Dev\\Mern\\noah\\server\\models\\Order.js","statementMap":{"0":{"start":{"line":3,"column":24},"end":{"line":19,"column":2}},"1":{"start":{"line":21,"column":20},"end":{"line":61,"column":2}}},"fnMap":{},"branchMap":{},"s":{"0":5,"1":5},"f":{},"b":{},"_coverageSchema":"1a1c01bbd47fc00a2c39e90264f33305004495a9","hash":"d24d7052418f872a7edae60af130d5696b45b64f"}
,"D:\\Dev\\Mern\\noah\\server\\models\\Product.js": {"path":"D:\\Dev\\Mern\\noah\\server\\models\\Product.js","statementMap":{"0":{"start":{"line":3,"column":22},"end":{"line":51,"column":2}}},"fnMap":{},"branchMap":{},"s":{"0":5},"f":{},"b":{},"_coverageSchema":"1a1c01bbd47fc00a2c39e90264f33305004495a9","hash":"7434250c667099780a86c3637137ee9ce597614a"}
,"D:\\Dev\\Mern\\noah\\server\\models\\Promotion.js": {"path":"D:\\Dev\\Mern\\noah\\server\\models\\Promotion.js","statementMap":{"0":{"start":{"line":3,"column":24},"end":{"line":34,"column":2}}},"fnMap":{},"branchMap":{},"s":{"0":5},"f":{},"b":{},"_coverageSchema":"1a1c01bbd47fc00a2c39e90264f33305004495a9","hash":"778e21b54df163918b5713da977e6f61f55f8f28"}
,"D:\\Dev\\Mern\\noah\\server\\models\\User.js": {"path":"D:\\Dev\\Mern\\noah\\server\\models\\User.js","statementMap":{"0":{"start":{"line":3,"column":23},"end":{"line":15,"column":2}},"1":{"start":{"line":17,"column":22},"end":{"line":23,"column":2}},"2":{"start":{"line":25,"column":19},"end":{"line":65,"column":2}}},"fnMap":{},"branchMap":{},"s":{"0":5,"1":5,"2":5},"f":{},"b":{},"_coverageSchema":"1a1c01bbd47fc00a2c39e90264f33305004495a9","hash":"25f1838d9a8f4639fa59cd8d3fb9deb52ddd6bbe"}
,"D:\\Dev\\Mern\\noah\\server\\models\\review.js": {"path":"D:\\Dev\\Mern\\noah\\server\\models\\review.js","statementMap":{"0":{"start":{"line":3,"column":21},"end":{"line":28,"column":2}}},"fnMap":{},"branchMap":{},"s":{"0":5},"f":{},"b":{},"_coverageSchema":"1a1c01bbd47fc00a2c39e90264f33305004495a9","hash":"d52fdc3e0fc667f59fc7adecd102b586c1891010"}
,"D:\\Dev\\Mern\\noah\\server\\routes\\cartRoutes.js": {"path":"D:\\Dev\\Mern\\noah\\server\\routes\\cartRoutes.js","statementMap":{"0":{"start":{"line":5,"column":15},"end":{"line":5,"column":31}},"1":{"start":{"line":7,"column":0},"end":{"line":7,"column":46}},"2":{"start":{"line":8,"column":0},"end":{"line":8,"column":50}},"3":{"start":{"line":9,"column":0},"end":{"line":9,"column":55}},"4":{"start":{"line":10,"column":0},"end":{"line":10,"column":64}},"5":{"start":{"line":11,"column":0},"end":{"line":11,"column":56}}},"fnMap":{},"branchMap":{},"s":{"0":5,"1":5,"2":5,"3":5,"4":5,"5":5},"f":{},"b":{},"_coverageSchema":"1a1c01bbd47fc00a2c39e90264f33305004495a9","hash":"730dc11b96f48af6fb712b2095066e9f235669a8"}
,"D:\\Dev\\Mern\\noah\\server\\routes\\orderRoutes.js": {"path":"D:\\Dev\\Mern\\noah\\server\\routes\\orderRoutes.js","statementMap":{"0":{"start":{"line":5,"column":15},"end":{"line":5,"column":31}},"1":{"start":{"line":7,"column":0},"end":{"line":7,"column":47}},"2":{"start":{"line":8,"column":0},"end":{"line":8,"column":62}},"3":{"start":{"line":9,"column":0},"end":{"line":9,"column":49}},"4":{"start":{"line":10,"column":0},"end":{"line":10,"column":62}}},"fnMap":{},"branchMap":{},"s":{"0":5,"1":5,"2":5,"3":5,"4":5},"f":{},"b":{},"_coverageSchema":"1a1c01bbd47fc00a2c39e90264f33305004495a9","hash":"53c70edaea81ed54a26b6c1857a48a17b266333e"}
,"D:\\Dev\\Mern\\noah\\server\\routes\\productRoutes.js": {"path":"D:\\Dev\\Mern\\noah\\server\\routes\\productRoutes.js","statementMap":{"0":{"start":{"line":6,"column":15},"end":{"line":6,"column":31}},"1":{"start":{"line":9,"column":0},"end":{"line":9,"column":47}},"2":{"start":{"line":10,"column":0},"end":{"line":10,"column":45}},"3":{"start":{"line":13,"column":0},"end":{"line":13,"column":65}},"4":{"start":{"line":14,"column":0},"end":{"line":14,"column":60}},"5":{"start":{"line":15,"column":0},"end":{"line":15,"column":63}}},"fnMap":{},"branchMap":{},"s":{"0":5,"1":5,"2":5,"3":5,"4":5,"5":5},"f":{},"b":{},"_coverageSchema":"1a1c01bbd47fc00a2c39e90264f33305004495a9","hash":"7cc079a6f320c88cac7eaa836189b4e79044b5d8"}
,"D:\\Dev\\Mern\\noah\\server\\routes\\promotionRoutes.js": {"path":"D:\\Dev\\Mern\\noah\\server\\routes\\promotionRoutes.js","statementMap":{"0":{"start":{"line":6,"column":15},"end":{"line":6,"column":31}},"1":{"start":{"line":9,"column":0},"end":{"line":9,"column":53}},"2":{"start":{"line":12,"column":0},"end":{"line":12,"column":60}},"3":{"start":{"line":13,"column":0},"end":{"line":13,"column":59}},"4":{"start":{"line":14,"column":0},"end":{"line":14,"column":62}},"5":{"start":{"line":15,"column":0},"end":{"line":15,"column":65}}},"fnMap":{},"branchMap":{},"s":{"0":5,"1":5,"2":5,"3":5,"4":5,"5":5},"f":{},"b":{},"_coverageSchema":"1a1c01bbd47fc00a2c39e90264f33305004495a9","hash":"c6c3a1da233dfc55cce1338bef0c9e93b47fd68d"}
,"D:\\Dev\\Mern\\noah\\server\\routes\\userRoutes.js": {"path":"D:\\Dev\\Mern\\noah\\server\\routes\\userRoutes.js","statementMap":{"0":{"start":{"line":6,"column":15},"end":{"line":6,"column":31}},"1":{"start":{"line":9,"column":0},"end":{"line":9,"column":50}},"2":{"start":{"line":10,"column":0},"end":{"line":10,"column":44}},"3":{"start":{"line":13,"column":0},"end":{"line":13,"column":56}},"4":{"start":{"line":14,"column":0},"end":{"line":14,"column":59}},"5":{"start":{"line":17,"column":0},"end":{"line":17,"column":68}},"6":{"start":{"line":18,"column":0},"end":{"line":18,"column":69}},"7":{"start":{"line":19,"column":0},"end":{"line":19,"column":75}}},"fnMap":{},"branchMap":{},"s":{"0":5,"1":5,"2":5,"3":5,"4":5,"5":5,"6":5,"7":5},"f":{},"b":{},"_coverageSchema":"1a1c01bbd47fc00a2c39e90264f33305004495a9","hash":"8fc4c02910c5fd600374365b474b381b9b7443a3"}
,"D:\\Dev\\Mern\\noah\\server\\tests\\setup.js": {"path":"D:\\Dev\\Mern\\noah\\server\\tests\\setup.js","statementMap":{"0":{"start":{"line":7,"column":23},"end":{"line":15,"column":1}},"1":{"start":{"line":8,"column":2},"end":{"line":10,"column":3}},"2":{"start":{"line":9,"column":4},"end":{"line":9,"column":32}},"3":{"start":{"line":12,"column":2},"end":{"line":12,"column":44}},"4":{"start":{"line":13,"column":14},"end":{"line":13,"column":29}},"5":{"start":{"line":14,"column":2},"end":{"line":14,"column":30}},"6":{"start":{"line":18,"column":29},"end":{"line":26,"column":1}},"7":{"start":{"line":19,"column":2},"end":{"line":25,"column":3}},"8":{"start":{"line":20,"column":24},"end":{"line":20,"column":55}},"9":{"start":{"line":21,"column":4},"end":{"line":24,"column":5}},"10":{"start":{"line":22,"column":25},"end":{"line":22,"column":41}},"11":{"start":{"line":23,"column":6},"end":{"line":23,"column":36}},"12":{"start":{"line":29,"column":29},"end":{"line":35,"column":1}},"13":{"start":{"line":30,"column":2},"end":{"line":34,"column":3}},"14":{"start":{"line":31,"column":4},"end":{"line":31,"column":45}},"15":{"start":{"line":32,"column":4},"end":{"line":32,"column":38}},"16":{"start":{"line":33,"column":4},"end":{"line":33,"column":24}}},"fnMap":{"0":{"name":"(anonymous_0)","decl":{"start":{"line":7,"column":23},"end":{"line":7,"column":24}},"loc":{"start":{"line":7,"column":35},"end":{"line":15,"column":1}},"line":7},"1":{"name":"(anonymous_1)","decl":{"start":{"line":18,"column":29},"end":{"line":18,"column":30}},"loc":{"start":{"line":18,"column":41},"end":{"line":26,"column":1}},"line":18},"2":{"name":"(anonymous_2)","decl":{"start":{"line":29,"column":29},"end":{"line":29,"column":30}},"loc":{"start":{"line":29,"column":41},"end":{"line":35,"column":1}},"line":29}},"branchMap":{"0":{"loc":{"start":{"line":8,"column":2},"end":{"line":10,"column":3}},"type":"if","locations":[{"start":{"line":8,"column":2},"end":{"line":10,"column":3}},{"start":{},"end":{}}],"line":8},"1":{"loc":{"start":{"line":19,"column":2},"end":{"line":25,"column":3}},"type":"if","locations":[{"start":{"line":19,"column":2},"end":{"line":25,"column":3}},{"start":{},"end":{}}],"line":19},"2":{"loc":{"start":{"line":30,"column":2},"end":{"line":34,"column":3}},"type":"if","locations":[{"start":{"line":30,"column":2},"end":{"line":34,"column":3}},{"start":{},"end":{}}],"line":30}},"s":{"0":4,"1":4,"2":0,"3":4,"4":4,"5":4,"6":4,"7":10,"8":10,"9":10,"10":63,"11":63,"12":4,"13":4,"14":4,"15":4,"16":4},"f":{"0":4,"1":10,"2":4},"b":{"0":[0,4],"1":[10,0],"2":[4,0]},"_coverageSchema":"1a1c01bbd47fc00a2c39e90264f33305004495a9","hash":"b8148b4df7eeb4b074e281f11a3fcf6ccdf3e12b"}
}
